Determining if the pthread_create exist failed with the following output:
Change Dir: /home/azgra/repos/TrafficLightDetection/src/app/cmake-build-debug/CMakeFiles/CMakeTmp

Run Build Command:"/usr/bin/make" "cmTC_6d104/fast"
/usr/bin/make -f CMakeFiles/cmTC_6d104.dir/build.make CMakeFiles/cmTC_6d104.dir/build
make[1]: Entering directory '/home/azgra/repos/TrafficLightDetection/src/app/cmake-build-debug/CMakeFiles/CMakeTmp'
Building C object CMakeFiles/cmTC_6d104.dir/CheckSymbolExists.c.o
/usr/bin/cc    -o CMakeFiles/cmTC_6d104.dir/CheckSymbolExists.c.o   -c /home/azgra/repos/TrafficLightDetection/src/app/cmake-build-debug/CMakeFiles/CMakeTmp/CheckSymbolExists.c
Linking C executable cmTC_6d104
/home/azgra/Downloads/clion-2017.2.3/bin/cmake/bin/cmake -E cmake_link_script CMakeFiles/cmTC_6d104.dir/link.txt --verbose=1
/usr/bin/cc      -rdynamic CMakeFiles/cmTC_6d104.dir/CheckSymbolExists.c.o  -o cmTC_6d104 
CMakeFiles/cmTC_6d104.dir/CheckSymbolExists.c.o: In function `main':
CheckSymbolExists.c:(.text+0x1b): undefined reference to `pthread_create'
collect2: error: ld returned 1 exit status
CMakeFiles/cmTC_6d104.dir/build.make:97: recipe for target 'cmTC_6d104' failed
make[1]: *** [cmTC_6d104] Error 1
make[1]: Leaving directory '/home/azgra/repos/TrafficLightDetection/src/app/cmake-build-debug/CMakeFiles/CMakeTmp'
Makefile:126: recipe for target 'cmTC_6d104/fast' failed
make: *** [cmTC_6d104/fast] Error 2

File /home/azgra/repos/TrafficLightDetection/src/app/cmake-build-debug/CMakeFiles/CMakeTmp/CheckSymbolExists.c:
/* */
#include <pthread.h>

int main(int argc, char** argv)
{
  (void)argv;
#ifndef pthread_create
  return ((int*)(&pthread_create))[argc];
#else
  (void)argc;
  return 0;
#endif
}

Determining if the function pthread_create exists in the pthreads failed with the following output:
Change Dir: /home/azgra/repos/TrafficLightDetection/src/app/cmake-build-debug/CMakeFiles/CMakeTmp

Run Build Command:"/usr/bin/make" "cmTC_1322f/fast"
/usr/bin/make -f CMakeFiles/cmTC_1322f.dir/build.make CMakeFiles/cmTC_1322f.dir/build
make[1]: Entering directory '/home/azgra/repos/TrafficLightDetection/src/app/cmake-build-debug/CMakeFiles/CMakeTmp'
Building C object CMakeFiles/cmTC_1322f.dir/CheckFunctionExists.c.o
/usr/bin/cc   -DCHECK_FUNCTION_EXISTS=pthread_create   -o CMakeFiles/cmTC_1322f.dir/CheckFunctionExists.c.o   -c /home/azgra/Downloads/clion-2017.2.3/bin/cmake/share/cmake-3.8/Modules/CheckFunctionExists.c
Linking C executable cmTC_1322f
/home/azgra/Downloads/clion-2017.2.3/bin/cmake/bin/cmake -E cmake_link_script CMakeFiles/cmTC_1322f.dir/link.txt --verbose=1
/usr/bin/cc  -DCHECK_FUNCTION_EXISTS=pthread_create    -rdynamic CMakeFiles/cmTC_1322f.dir/CheckFunctionExists.c.o  -o cmTC_1322f -lpthreads 
/usr/bin/ld: cannot find -lpthreads
collect2: error: ld returned 1 exit status
CMakeFiles/cmTC_1322f.dir/build.make:97: recipe for target 'cmTC_1322f' failed
make[1]: *** [cmTC_1322f] Error 1
make[1]: Leaving directory '/home/azgra/repos/TrafficLightDetection/src/app/cmake-build-debug/CMakeFiles/CMakeTmp'
Makefile:126: recipe for target 'cmTC_1322f/fast' failed
make: *** [cmTC_1322f/fast] Error 2


