The system is: Linux - 4.10.0-38-generic - x86_64
Compiling the C compiler identification source file "CMakeCCompilerId.c" succeeded.
Compiler: /usr/bin/cc 
Build flags: 
Id flags: 

The output was:
0


Compilation of the C compiler identification source "CMakeCCompilerId.c" produced "a.out"

The C compiler identification is GNU, found in "/home/azgra/dlib-19.7/tools/imglab/build/CMakeFiles/3.7.2/CompilerIdC/a.out"

Compiling the CXX compiler identification source file "CMakeCXXCompilerId.cpp" succeeded.
Compiler: /usr/bin/c++ 
Build flags: 
Id flags: 

The output was:
0


Compilation of the CXX compiler identification source "CMakeCXXCompilerId.cpp" produced "a.out"

The CXX compiler identification is GNU, found in "/home/azgra/dlib-19.7/tools/imglab/build/CMakeFiles/3.7.2/CompilerIdCXX/a.out"

Determining if the C compiler works passed with the following output:
Change Dir: /home/azgra/dlib-19.7/tools/imglab/build/CMakeFiles/CMakeTmp

Run Build Command:"/usr/bin/make" "cmTC_93e7f/fast"
/usr/bin/make -f CMakeFiles/cmTC_93e7f.dir/build.make CMakeFiles/cmTC_93e7f.dir/build
make[1]: Entering directory '/home/azgra/dlib-19.7/tools/imglab/build/CMakeFiles/CMakeTmp'
Building C object CMakeFiles/cmTC_93e7f.dir/testCCompiler.c.o
/usr/bin/cc     -o CMakeFiles/cmTC_93e7f.dir/testCCompiler.c.o   -c /home/azgra/dlib-19.7/tools/imglab/build/CMakeFiles/CMakeTmp/testCCompiler.c
Linking C executable cmTC_93e7f
/usr/bin/cmake -E cmake_link_script CMakeFiles/cmTC_93e7f.dir/link.txt --verbose=1
/usr/bin/cc       CMakeFiles/cmTC_93e7f.dir/testCCompiler.c.o  -o cmTC_93e7f -rdynamic 
make[1]: Leaving directory '/home/azgra/dlib-19.7/tools/imglab/build/CMakeFiles/CMakeTmp'


Detecting C compiler ABI info compiled with the following output:
Change Dir: /home/azgra/dlib-19.7/tools/imglab/build/CMakeFiles/CMakeTmp

Run Build Command:"/usr/bin/make" "cmTC_bd001/fast"
/usr/bin/make -f CMakeFiles/cmTC_bd001.dir/build.make CMakeFiles/cmTC_bd001.dir/build
make[1]: Entering directory '/home/azgra/dlib-19.7/tools/imglab/build/CMakeFiles/CMakeTmp'
Building C object CMakeFiles/cmTC_bd001.dir/CMakeCCompilerABI.c.o
/usr/bin/cc     -o CMakeFiles/cmTC_bd001.dir/CMakeCCompilerABI.c.o   -c /usr/share/cmake-3.7/Modules/CMakeCCompilerABI.c
Linking C executable cmTC_bd001
/usr/bin/cmake -E cmake_link_script CMakeFiles/cmTC_bd001.dir/link.txt --verbose=1
/usr/bin/cc      -v CMakeFiles/cmTC_bd001.dir/CMakeCCompilerABI.c.o  -o cmTC_bd001 -rdynamic  
Using built-in specs.
COLLECT_GCC=/usr/bin/cc
COLLECT_LTO_WRAPPER=/usr/lib/gcc/x86_64-linux-gnu/6/lto-wrapper
Target: x86_64-linux-gnu
Configured with: ../src/configure -v --with-pkgversion='Ubuntu 6.3.0-12ubuntu2' --with-bugurl=file:///usr/share/doc/gcc-6/README.Bugs --enable-languages=c,ada,c++,java,go,d,fortran,objc,obj-c++ --prefix=/usr --program-suffix=-6 --program-prefix=x86_64-linux-gnu- --enable-shared --enable-linker-build-id --libexecdir=/usr/lib --without-included-gettext --enable-threads=posix --libdir=/usr/lib --enable-nls --with-sysroot=/ --enable-clocale=gnu --enable-libstdcxx-debug --enable-libstdcxx-time=yes --with-default-libstdcxx-abi=new --enable-gnu-unique-object --disable-vtable-verify --enable-libmpx --enable-plugin --enable-default-pie --with-system-zlib --disable-browser-plugin --enable-java-awt=gtk --enable-gtk-cairo --with-java-home=/usr/lib/jvm/java-1.5.0-gcj-6-amd64/jre --enable-java-home --with-jvm-root-dir=/usr/lib/jvm/java-1.5.0-gcj-6-amd64 --with-jvm-jar-dir=/usr/lib/jvm-exports/java-1.5.0-gcj-6-amd64 --with-arch-directory=amd64 --with-ecj-jar=/usr/share/java/eclipse-ecj.jar --with-target-system-zlib --enable-objc-gc=auto --enable-multiarch --disable-werror --with-arch-32=i686 --with-abi=m64 --with-multilib-list=m32,m64,mx32 --enable-multilib --with-tune=generic --enable-checking=release --build=x86_64-linux-gnu --host=x86_64-linux-gnu --target=x86_64-linux-gnu
Thread model: posix
gcc version 6.3.0 20170406 (Ubuntu 6.3.0-12ubuntu2) 
COMPILER_PATH=/usr/lib/gcc/x86_64-linux-gnu/6/:/usr/lib/gcc/x86_64-linux-gnu/6/:/usr/lib/gcc/x86_64-linux-gnu/:/usr/lib/gcc/x86_64-linux-gnu/6/:/usr/lib/gcc/x86_64-linux-gnu/
LIBRARY_PATH=/usr/lib/gcc/x86_64-linux-gnu/6/:/usr/lib/gcc/x86_64-linux-gnu/6/../../../x86_64-linux-gnu/:/usr/lib/gcc/x86_64-linux-gnu/6/../../../../lib/:/lib/x86_64-linux-gnu/:/lib/../lib/:/usr/lib/x86_64-linux-gnu/:/usr/lib/../lib/:/usr/lib/gcc/x86_64-linux-gnu/6/../../../:/lib/:/usr/lib/
COLLECT_GCC_OPTIONS='-v' '-o' 'cmTC_bd001' '-rdynamic' '-mtune=generic' '-march=x86-64'
 /usr/lib/gcc/x86_64-linux-gnu/6/collect2 -plugin /usr/lib/gcc/x86_64-linux-gnu/6/liblto_plugin.so -plugin-opt=/usr/lib/gcc/x86_64-linux-gnu/6/lto-wrapper -plugin-opt=-fresolution=/tmp/ccvHvaSE.res -plugin-opt=-pass-through=-lgcc -plugin-opt=-pass-through=-lgcc_s -plugin-opt=-pass-through=-lc -plugin-opt=-pass-through=-lgcc -plugin-opt=-pass-through=-lgcc_s --sysroot=/ --build-id --eh-frame-hdr -m elf_x86_64 --hash-style=gnu --as-needed -export-dynamic -dynamic-linker /lib64/ld-linux-x86-64.so.2 -pie -z now -z relro -o cmTC_bd001 /usr/lib/gcc/x86_64-linux-gnu/6/../../../x86_64-linux-gnu/Scrt1.o /usr/lib/gcc/x86_64-linux-gnu/6/../../../x86_64-linux-gnu/crti.o /usr/lib/gcc/x86_64-linux-gnu/6/crtbeginS.o -L/usr/lib/gcc/x86_64-linux-gnu/6 -L/usr/lib/gcc/x86_64-linux-gnu/6/../../../x86_64-linux-gnu -L/usr/lib/gcc/x86_64-linux-gnu/6/../../../../lib -L/lib/x86_64-linux-gnu -L/lib/../lib -L/usr/lib/x86_64-linux-gnu -L/usr/lib/../lib -L/usr/lib/gcc/x86_64-linux-gnu/6/../../.. CMakeFiles/cmTC_bd001.dir/CMakeCCompilerABI.c.o -lgcc --as-needed -lgcc_s --no-as-needed -lc -lgcc --as-needed -lgcc_s --no-as-needed /usr/lib/gcc/x86_64-linux-gnu/6/crtendS.o /usr/lib/gcc/x86_64-linux-gnu/6/../../../x86_64-linux-gnu/crtn.o
COLLECT_GCC_OPTIONS='-v' '-o' 'cmTC_bd001' '-rdynamic' '-mtune=generic' '-march=x86-64'
make[1]: Leaving directory '/home/azgra/dlib-19.7/tools/imglab/build/CMakeFiles/CMakeTmp'


Parsed C implicit link information from above output:
  link line regex: [^( *|.*[/\])(ld|([^/\]+-)?ld|collect2)[^/\]*( |$)]
  ignore line: [Change Dir: /home/azgra/dlib-19.7/tools/imglab/build/CMakeFiles/CMakeTmp]
  ignore line: []
  ignore line: [Run Build Command:"/usr/bin/make" "cmTC_bd001/fast"]
  ignore line: [/usr/bin/make -f CMakeFiles/cmTC_bd001.dir/build.make CMakeFiles/cmTC_bd001.dir/build]
  ignore line: [make[1]: Entering directory '/home/azgra/dlib-19.7/tools/imglab/build/CMakeFiles/CMakeTmp']
  ignore line: [Building C object CMakeFiles/cmTC_bd001.dir/CMakeCCompilerABI.c.o]
  ignore line: [/usr/bin/cc     -o CMakeFiles/cmTC_bd001.dir/CMakeCCompilerABI.c.o   -c /usr/share/cmake-3.7/Modules/CMakeCCompilerABI.c]
  ignore line: [Linking C executable cmTC_bd001]
  ignore line: [/usr/bin/cmake -E cmake_link_script CMakeFiles/cmTC_bd001.dir/link.txt --verbose=1]
  ignore line: [/usr/bin/cc      -v CMakeFiles/cmTC_bd001.dir/CMakeCCompilerABI.c.o  -o cmTC_bd001 -rdynamic  ]
  ignore line: [Using built-in specs.]
  ignore line: [COLLECT_GCC=/usr/bin/cc]
  ignore line: [COLLECT_LTO_WRAPPER=/usr/lib/gcc/x86_64-linux-gnu/6/lto-wrapper]
  ignore line: [Target: x86_64-linux-gnu]
  ignore line: [Configured with: ../src/configure -v --with-pkgversion='Ubuntu 6.3.0-12ubuntu2' --with-bugurl=file:///usr/share/doc/gcc-6/README.Bugs --enable-languages=c,ada,c++,java,go,d,fortran,objc,obj-c++ --prefix=/usr --program-suffix=-6 --program-prefix=x86_64-linux-gnu- --enable-shared --enable-linker-build-id --libexecdir=/usr/lib --without-included-gettext --enable-threads=posix --libdir=/usr/lib --enable-nls --with-sysroot=/ --enable-clocale=gnu --enable-libstdcxx-debug --enable-libstdcxx-time=yes --with-default-libstdcxx-abi=new --enable-gnu-unique-object --disable-vtable-verify --enable-libmpx --enable-plugin --enable-default-pie --with-system-zlib --disable-browser-plugin --enable-java-awt=gtk --enable-gtk-cairo --with-java-home=/usr/lib/jvm/java-1.5.0-gcj-6-amd64/jre --enable-java-home --with-jvm-root-dir=/usr/lib/jvm/java-1.5.0-gcj-6-amd64 --with-jvm-jar-dir=/usr/lib/jvm-exports/java-1.5.0-gcj-6-amd64 --with-arch-directory=amd64 --with-ecj-jar=/usr/share/java/eclipse-ecj.jar --with-target-system-zlib --enable-objc-gc=auto --enable-multiarch --disable-werror --with-arch-32=i686 --with-abi=m64 --with-multilib-list=m32,m64,mx32 --enable-multilib --with-tune=generic --enable-checking=release --build=x86_64-linux-gnu --host=x86_64-linux-gnu --target=x86_64-linux-gnu]
  ignore line: [Thread model: posix]
  ignore line: [gcc version 6.3.0 20170406 (Ubuntu 6.3.0-12ubuntu2) ]
  ignore line: [COMPILER_PATH=/usr/lib/gcc/x86_64-linux-gnu/6/:/usr/lib/gcc/x86_64-linux-gnu/6/:/usr/lib/gcc/x86_64-linux-gnu/:/usr/lib/gcc/x86_64-linux-gnu/6/:/usr/lib/gcc/x86_64-linux-gnu/]
  ignore line: [LIBRARY_PATH=/usr/lib/gcc/x86_64-linux-gnu/6/:/usr/lib/gcc/x86_64-linux-gnu/6/../../../x86_64-linux-gnu/:/usr/lib/gcc/x86_64-linux-gnu/6/../../../../lib/:/lib/x86_64-linux-gnu/:/lib/../lib/:/usr/lib/x86_64-linux-gnu/:/usr/lib/../lib/:/usr/lib/gcc/x86_64-linux-gnu/6/../../../:/lib/:/usr/lib/]
  ignore line: [COLLECT_GCC_OPTIONS='-v' '-o' 'cmTC_bd001' '-rdynamic' '-mtune=generic' '-march=x86-64']
  link line: [ /usr/lib/gcc/x86_64-linux-gnu/6/collect2 -plugin /usr/lib/gcc/x86_64-linux-gnu/6/liblto_plugin.so -plugin-opt=/usr/lib/gcc/x86_64-linux-gnu/6/lto-wrapper -plugin-opt=-fresolution=/tmp/ccvHvaSE.res -plugin-opt=-pass-through=-lgcc -plugin-opt=-pass-through=-lgcc_s -plugin-opt=-pass-through=-lc -plugin-opt=-pass-through=-lgcc -plugin-opt=-pass-through=-lgcc_s --sysroot=/ --build-id --eh-frame-hdr -m elf_x86_64 --hash-style=gnu --as-needed -export-dynamic -dynamic-linker /lib64/ld-linux-x86-64.so.2 -pie -z now -z relro -o cmTC_bd001 /usr/lib/gcc/x86_64-linux-gnu/6/../../../x86_64-linux-gnu/Scrt1.o /usr/lib/gcc/x86_64-linux-gnu/6/../../../x86_64-linux-gnu/crti.o /usr/lib/gcc/x86_64-linux-gnu/6/crtbeginS.o -L/usr/lib/gcc/x86_64-linux-gnu/6 -L/usr/lib/gcc/x86_64-linux-gnu/6/../../../x86_64-linux-gnu -L/usr/lib/gcc/x86_64-linux-gnu/6/../../../../lib -L/lib/x86_64-linux-gnu -L/lib/../lib -L/usr/lib/x86_64-linux-gnu -L/usr/lib/../lib -L/usr/lib/gcc/x86_64-linux-gnu/6/../../.. CMakeFiles/cmTC_bd001.dir/CMakeCCompilerABI.c.o -lgcc --as-needed -lgcc_s --no-as-needed -lc -lgcc --as-needed -lgcc_s --no-as-needed /usr/lib/gcc/x86_64-linux-gnu/6/crtendS.o /usr/lib/gcc/x86_64-linux-gnu/6/../../../x86_64-linux-gnu/crtn.o]
    arg [/usr/lib/gcc/x86_64-linux-gnu/6/collect2] ==> ignore
    arg [-plugin] ==> ignore
    arg [/usr/lib/gcc/x86_64-linux-gnu/6/liblto_plugin.so] ==> ignore
    arg [-plugin-opt=/usr/lib/gcc/x86_64-linux-gnu/6/lto-wrapper] ==> ignore
    arg [-plugin-opt=-fresolution=/tmp/ccvHvaSE.res] ==> ignore
    arg [-plugin-opt=-pass-through=-lgcc] ==> ignore
    arg [-plugin-opt=-pass-through=-lgcc_s] ==> ignore
    arg [-plugin-opt=-pass-through=-lc] ==> ignore
    arg [-plugin-opt=-pass-through=-lgcc] ==> ignore
    arg [-plugin-opt=-pass-through=-lgcc_s] ==> ignore
    arg [--sysroot=/] ==> ignore
    arg [--build-id] ==> ignore
    arg [--eh-frame-hdr] ==> ignore
    arg [-m] ==> ignore
    arg [elf_x86_64] ==> ignore
    arg [--hash-style=gnu] ==> ignore
    arg [--as-needed] ==> ignore
    arg [-export-dynamic] ==> ignore
    arg [-dynamic-linker] ==> ignore
    arg [/lib64/ld-linux-x86-64.so.2] ==> ignore
    arg [-pie] ==> ignore
    arg [-znow] ==> ignore
    arg [-zrelro] ==> ignore
    arg [-o] ==> ignore
    arg [cmTC_bd001] ==> ignore
    arg [/usr/lib/gcc/x86_64-linux-gnu/6/../../../x86_64-linux-gnu/Scrt1.o] ==> ignore
    arg [/usr/lib/gcc/x86_64-linux-gnu/6/../../../x86_64-linux-gnu/crti.o] ==> ignore
    arg [/usr/lib/gcc/x86_64-linux-gnu/6/crtbeginS.o] ==> ignore
    arg [-L/usr/lib/gcc/x86_64-linux-gnu/6] ==> dir [/usr/lib/gcc/x86_64-linux-gnu/6]
    arg [-L/usr/lib/gcc/x86_64-linux-gnu/6/../../../x86_64-linux-gnu] ==> dir [/usr/lib/gcc/x86_64-linux-gnu/6/../../../x86_64-linux-gnu]
    arg [-L/usr/lib/gcc/x86_64-linux-gnu/6/../../../../lib] ==> dir [/usr/lib/gcc/x86_64-linux-gnu/6/../../../../lib]
    arg [-L/lib/x86_64-linux-gnu] ==> dir [/lib/x86_64-linux-gnu]
    arg [-L/lib/../lib] ==> dir [/lib/../lib]
    arg [-L/usr/lib/x86_64-linux-gnu] ==> dir [/usr/lib/x86_64-linux-gnu]
    arg [-L/usr/lib/../lib] ==> dir [/usr/lib/../lib]
    arg [-L/usr/lib/gcc/x86_64-linux-gnu/6/../../..] ==> dir [/usr/lib/gcc/x86_64-linux-gnu/6/../../..]
    arg [CMakeFiles/cmTC_bd001.dir/CMakeCCompilerABI.c.o] ==> ignore
    arg [-lgcc] ==> lib [gcc]
    arg [--as-needed] ==> ignore
    arg [-lgcc_s] ==> lib [gcc_s]
    arg [--no-as-needed] ==> ignore
    arg [-lc] ==> lib [c]
    arg [-lgcc] ==> lib [gcc]
    arg [--as-needed] ==> ignore
    arg [-lgcc_s] ==> lib [gcc_s]
    arg [--no-as-needed] ==> ignore
    arg [/usr/lib/gcc/x86_64-linux-gnu/6/crtendS.o] ==> ignore
    arg [/usr/lib/gcc/x86_64-linux-gnu/6/../../../x86_64-linux-gnu/crtn.o] ==> ignore
  remove lib [gcc]
  remove lib [gcc_s]
  remove lib [gcc]
  remove lib [gcc_s]
  collapse library dir [/usr/lib/gcc/x86_64-linux-gnu/6] ==> [/usr/lib/gcc/x86_64-linux-gnu/6]
  collapse library dir [/usr/lib/gcc/x86_64-linux-gnu/6/../../../x86_64-linux-gnu] ==> [/usr/lib/x86_64-linux-gnu]
  collapse library dir [/usr/lib/gcc/x86_64-linux-gnu/6/../../../../lib] ==> [/usr/lib]
  collapse library dir [/lib/x86_64-linux-gnu] ==> [/lib/x86_64-linux-gnu]
  collapse library dir [/lib/../lib] ==> [/lib]
  collapse library dir [/usr/lib/x86_64-linux-gnu] ==> [/usr/lib/x86_64-linux-gnu]
  collapse library dir [/usr/lib/../lib] ==> [/usr/lib]
  collapse library dir [/usr/lib/gcc/x86_64-linux-gnu/6/../../..] ==> [/usr/lib]
  implicit libs: [c]
  implicit dirs: [/usr/lib/gcc/x86_64-linux-gnu/6;/usr/lib/x86_64-linux-gnu;/usr/lib;/lib/x86_64-linux-gnu;/lib]
  implicit fwks: []




Detecting C [-std=c11] compiler features compiled with the following output:
Change Dir: /home/azgra/dlib-19.7/tools/imglab/build/CMakeFiles/CMakeTmp

Run Build Command:"/usr/bin/make" "cmTC_86f9f/fast"
/usr/bin/make -f CMakeFiles/cmTC_86f9f.dir/build.make CMakeFiles/cmTC_86f9f.dir/build
make[1]: Entering directory '/home/azgra/dlib-19.7/tools/imglab/build/CMakeFiles/CMakeTmp'
Building C object CMakeFiles/cmTC_86f9f.dir/feature_tests.c.o
/usr/bin/cc    -std=c11 -o CMakeFiles/cmTC_86f9f.dir/feature_tests.c.o   -c /home/azgra/dlib-19.7/tools/imglab/build/CMakeFiles/feature_tests.c
Linking C executable cmTC_86f9f
/usr/bin/cmake -E cmake_link_script CMakeFiles/cmTC_86f9f.dir/link.txt --verbose=1
/usr/bin/cc       CMakeFiles/cmTC_86f9f.dir/feature_tests.c.o  -o cmTC_86f9f -rdynamic 
make[1]: Leaving directory '/home/azgra/dlib-19.7/tools/imglab/build/CMakeFiles/CMakeTmp'


    Feature record: C_FEATURE:1c_function_prototypes
    Feature record: C_FEATURE:1c_restrict
    Feature record: C_FEATURE:1c_static_assert
    Feature record: C_FEATURE:1c_variadic_macros


Detecting C [-std=c99] compiler features compiled with the following output:
Change Dir: /home/azgra/dlib-19.7/tools/imglab/build/CMakeFiles/CMakeTmp

Run Build Command:"/usr/bin/make" "cmTC_3238b/fast"
/usr/bin/make -f CMakeFiles/cmTC_3238b.dir/build.make CMakeFiles/cmTC_3238b.dir/build
make[1]: Entering directory '/home/azgra/dlib-19.7/tools/imglab/build/CMakeFiles/CMakeTmp'
Building C object CMakeFiles/cmTC_3238b.dir/feature_tests.c.o
/usr/bin/cc    -std=c99 -o CMakeFiles/cmTC_3238b.dir/feature_tests.c.o   -c /home/azgra/dlib-19.7/tools/imglab/build/CMakeFiles/feature_tests.c
Linking C executable cmTC_3238b
/usr/bin/cmake -E cmake_link_script CMakeFiles/cmTC_3238b.dir/link.txt --verbose=1
/usr/bin/cc       CMakeFiles/cmTC_3238b.dir/feature_tests.c.o  -o cmTC_3238b -rdynamic 
make[1]: Leaving directory '/home/azgra/dlib-19.7/tools/imglab/build/CMakeFiles/CMakeTmp'


    Feature record: C_FEATURE:1c_function_prototypes
    Feature record: C_FEATURE:1c_restrict
    Feature record: C_FEATURE:0c_static_assert
    Feature record: C_FEATURE:1c_variadic_macros


Detecting C [-std=c90] compiler features compiled with the following output:
Change Dir: /home/azgra/dlib-19.7/tools/imglab/build/CMakeFiles/CMakeTmp

Run Build Command:"/usr/bin/make" "cmTC_e3193/fast"
/usr/bin/make -f CMakeFiles/cmTC_e3193.dir/build.make CMakeFiles/cmTC_e3193.dir/build
make[1]: Entering directory '/home/azgra/dlib-19.7/tools/imglab/build/CMakeFiles/CMakeTmp'
Building C object CMakeFiles/cmTC_e3193.dir/feature_tests.c.o
/usr/bin/cc    -std=c90 -o CMakeFiles/cmTC_e3193.dir/feature_tests.c.o   -c /home/azgra/dlib-19.7/tools/imglab/build/CMakeFiles/feature_tests.c
Linking C executable cmTC_e3193
/usr/bin/cmake -E cmake_link_script CMakeFiles/cmTC_e3193.dir/link.txt --verbose=1
/usr/bin/cc       CMakeFiles/cmTC_e3193.dir/feature_tests.c.o  -o cmTC_e3193 -rdynamic 
make[1]: Leaving directory '/home/azgra/dlib-19.7/tools/imglab/build/CMakeFiles/CMakeTmp'


    Feature record: C_FEATURE:1c_function_prototypes
    Feature record: C_FEATURE:0c_restrict
    Feature record: C_FEATURE:0c_static_assert
    Feature record: C_FEATURE:0c_variadic_macros
Determining if the CXX compiler works passed with the following output:
Change Dir: /home/azgra/dlib-19.7/tools/imglab/build/CMakeFiles/CMakeTmp

Run Build Command:"/usr/bin/make" "cmTC_25937/fast"
/usr/bin/make -f CMakeFiles/cmTC_25937.dir/build.make CMakeFiles/cmTC_25937.dir/build
make[1]: Entering directory '/home/azgra/dlib-19.7/tools/imglab/build/CMakeFiles/CMakeTmp'
Building CXX object CMakeFiles/cmTC_25937.dir/testCXXCompiler.cxx.o
/usr/bin/c++      -o CMakeFiles/cmTC_25937.dir/testCXXCompiler.cxx.o -c /home/azgra/dlib-19.7/tools/imglab/build/CMakeFiles/CMakeTmp/testCXXCompiler.cxx
Linking CXX executable cmTC_25937
/usr/bin/cmake -E cmake_link_script CMakeFiles/cmTC_25937.dir/link.txt --verbose=1
/usr/bin/c++        CMakeFiles/cmTC_25937.dir/testCXXCompiler.cxx.o  -o cmTC_25937 -rdynamic 
make[1]: Leaving directory '/home/azgra/dlib-19.7/tools/imglab/build/CMakeFiles/CMakeTmp'


Detecting CXX compiler ABI info compiled with the following output:
Change Dir: /home/azgra/dlib-19.7/tools/imglab/build/CMakeFiles/CMakeTmp

Run Build Command:"/usr/bin/make" "cmTC_76c02/fast"
/usr/bin/make -f CMakeFiles/cmTC_76c02.dir/build.make CMakeFiles/cmTC_76c02.dir/build
make[1]: Entering directory '/home/azgra/dlib-19.7/tools/imglab/build/CMakeFiles/CMakeTmp'
Building CXX object CMakeFiles/cmTC_76c02.dir/CMakeCXXCompilerABI.cpp.o
/usr/bin/c++      -o CMakeFiles/cmTC_76c02.dir/CMakeCXXCompilerABI.cpp.o -c /usr/share/cmake-3.7/Modules/CMakeCXXCompilerABI.cpp
Linking CXX executable cmTC_76c02
/usr/bin/cmake -E cmake_link_script CMakeFiles/cmTC_76c02.dir/link.txt --verbose=1
/usr/bin/c++       -v CMakeFiles/cmTC_76c02.dir/CMakeCXXCompilerABI.cpp.o  -o cmTC_76c02 -rdynamic  
Using built-in specs.
COLLECT_GCC=/usr/bin/c++
COLLECT_LTO_WRAPPER=/usr/lib/gcc/x86_64-linux-gnu/6/lto-wrapper
Target: x86_64-linux-gnu
Configured with: ../src/configure -v --with-pkgversion='Ubuntu 6.3.0-12ubuntu2' --with-bugurl=file:///usr/share/doc/gcc-6/README.Bugs --enable-languages=c,ada,c++,java,go,d,fortran,objc,obj-c++ --prefix=/usr --program-suffix=-6 --program-prefix=x86_64-linux-gnu- --enable-shared --enable-linker-build-id --libexecdir=/usr/lib --without-included-gettext --enable-threads=posix --libdir=/usr/lib --enable-nls --with-sysroot=/ --enable-clocale=gnu --enable-libstdcxx-debug --enable-libstdcxx-time=yes --with-default-libstdcxx-abi=new --enable-gnu-unique-object --disable-vtable-verify --enable-libmpx --enable-plugin --enable-default-pie --with-system-zlib --disable-browser-plugin --enable-java-awt=gtk --enable-gtk-cairo --with-java-home=/usr/lib/jvm/java-1.5.0-gcj-6-amd64/jre --enable-java-home --with-jvm-root-dir=/usr/lib/jvm/java-1.5.0-gcj-6-amd64 --with-jvm-jar-dir=/usr/lib/jvm-exports/java-1.5.0-gcj-6-amd64 --with-arch-directory=amd64 --with-ecj-jar=/usr/share/java/eclipse-ecj.jar --with-target-system-zlib --enable-objc-gc=auto --enable-multiarch --disable-werror --with-arch-32=i686 --with-abi=m64 --with-multilib-list=m32,m64,mx32 --enable-multilib --with-tune=generic --enable-checking=release --build=x86_64-linux-gnu --host=x86_64-linux-gnu --target=x86_64-linux-gnu
Thread model: posix
gcc version 6.3.0 20170406 (Ubuntu 6.3.0-12ubuntu2) 
COMPILER_PATH=/usr/lib/gcc/x86_64-linux-gnu/6/:/usr/lib/gcc/x86_64-linux-gnu/6/:/usr/lib/gcc/x86_64-linux-gnu/:/usr/lib/gcc/x86_64-linux-gnu/6/:/usr/lib/gcc/x86_64-linux-gnu/
LIBRARY_PATH=/usr/lib/gcc/x86_64-linux-gnu/6/:/usr/lib/gcc/x86_64-linux-gnu/6/../../../x86_64-linux-gnu/:/usr/lib/gcc/x86_64-linux-gnu/6/../../../../lib/:/lib/x86_64-linux-gnu/:/lib/../lib/:/usr/lib/x86_64-linux-gnu/:/usr/lib/../lib/:/usr/lib/gcc/x86_64-linux-gnu/6/../../../:/lib/:/usr/lib/
COLLECT_GCC_OPTIONS='-v' '-o' 'cmTC_76c02' '-rdynamic' '-shared-libgcc' '-mtune=generic' '-march=x86-64'
 /usr/lib/gcc/x86_64-linux-gnu/6/collect2 -plugin /usr/lib/gcc/x86_64-linux-gnu/6/liblto_plugin.so -plugin-opt=/usr/lib/gcc/x86_64-linux-gnu/6/lto-wrapper -plugin-opt=-fresolution=/tmp/cc65Ej06.res -plugin-opt=-pass-through=-lgcc_s -plugin-opt=-pass-through=-lgcc -plugin-opt=-pass-through=-lc -plugin-opt=-pass-through=-lgcc_s -plugin-opt=-pass-through=-lgcc --sysroot=/ --build-id --eh-frame-hdr -m elf_x86_64 --hash-style=gnu --as-needed -export-dynamic -dynamic-linker /lib64/ld-linux-x86-64.so.2 -pie -z now -z relro -o cmTC_76c02 /usr/lib/gcc/x86_64-linux-gnu/6/../../../x86_64-linux-gnu/Scrt1.o /usr/lib/gcc/x86_64-linux-gnu/6/../../../x86_64-linux-gnu/crti.o /usr/lib/gcc/x86_64-linux-gnu/6/crtbeginS.o -L/usr/lib/gcc/x86_64-linux-gnu/6 -L/usr/lib/gcc/x86_64-linux-gnu/6/../../../x86_64-linux-gnu -L/usr/lib/gcc/x86_64-linux-gnu/6/../../../../lib -L/lib/x86_64-linux-gnu -L/lib/../lib -L/usr/lib/x86_64-linux-gnu -L/usr/lib/../lib -L/usr/lib/gcc/x86_64-linux-gnu/6/../../.. CMakeFiles/cmTC_76c02.dir/CMakeCXXCompilerABI.cpp.o -lstdc++ -lm -lgcc_s -lgcc -lc -lgcc_s -lgcc /usr/lib/gcc/x86_64-linux-gnu/6/crtendS.o /usr/lib/gcc/x86_64-linux-gnu/6/../../../x86_64-linux-gnu/crtn.o
COLLECT_GCC_OPTIONS='-v' '-o' 'cmTC_76c02' '-rdynamic' '-shared-libgcc' '-mtune=generic' '-march=x86-64'
make[1]: Leaving directory '/home/azgra/dlib-19.7/tools/imglab/build/CMakeFiles/CMakeTmp'


Parsed CXX implicit link information from above output:
  link line regex: [^( *|.*[/\])(ld|([^/\]+-)?ld|collect2)[^/\]*( |$)]
  ignore line: [Change Dir: /home/azgra/dlib-19.7/tools/imglab/build/CMakeFiles/CMakeTmp]
  ignore line: []
  ignore line: [Run Build Command:"/usr/bin/make" "cmTC_76c02/fast"]
  ignore line: [/usr/bin/make -f CMakeFiles/cmTC_76c02.dir/build.make CMakeFiles/cmTC_76c02.dir/build]
  ignore line: [make[1]: Entering directory '/home/azgra/dlib-19.7/tools/imglab/build/CMakeFiles/CMakeTmp']
  ignore line: [Building CXX object CMakeFiles/cmTC_76c02.dir/CMakeCXXCompilerABI.cpp.o]
  ignore line: [/usr/bin/c++      -o CMakeFiles/cmTC_76c02.dir/CMakeCXXCompilerABI.cpp.o -c /usr/share/cmake-3.7/Modules/CMakeCXXCompilerABI.cpp]
  ignore line: [Linking CXX executable cmTC_76c02]
  ignore line: [/usr/bin/cmake -E cmake_link_script CMakeFiles/cmTC_76c02.dir/link.txt --verbose=1]
  ignore line: [/usr/bin/c++       -v CMakeFiles/cmTC_76c02.dir/CMakeCXXCompilerABI.cpp.o  -o cmTC_76c02 -rdynamic  ]
  ignore line: [Using built-in specs.]
  ignore line: [COLLECT_GCC=/usr/bin/c++]
  ignore line: [COLLECT_LTO_WRAPPER=/usr/lib/gcc/x86_64-linux-gnu/6/lto-wrapper]
  ignore line: [Target: x86_64-linux-gnu]
  ignore line: [Configured with: ../src/configure -v --with-pkgversion='Ubuntu 6.3.0-12ubuntu2' --with-bugurl=file:///usr/share/doc/gcc-6/README.Bugs --enable-languages=c,ada,c++,java,go,d,fortran,objc,obj-c++ --prefix=/usr --program-suffix=-6 --program-prefix=x86_64-linux-gnu- --enable-shared --enable-linker-build-id --libexecdir=/usr/lib --without-included-gettext --enable-threads=posix --libdir=/usr/lib --enable-nls --with-sysroot=/ --enable-clocale=gnu --enable-libstdcxx-debug --enable-libstdcxx-time=yes --with-default-libstdcxx-abi=new --enable-gnu-unique-object --disable-vtable-verify --enable-libmpx --enable-plugin --enable-default-pie --with-system-zlib --disable-browser-plugin --enable-java-awt=gtk --enable-gtk-cairo --with-java-home=/usr/lib/jvm/java-1.5.0-gcj-6-amd64/jre --enable-java-home --with-jvm-root-dir=/usr/lib/jvm/java-1.5.0-gcj-6-amd64 --with-jvm-jar-dir=/usr/lib/jvm-exports/java-1.5.0-gcj-6-amd64 --with-arch-directory=amd64 --with-ecj-jar=/usr/share/java/eclipse-ecj.jar --with-target-system-zlib --enable-objc-gc=auto --enable-multiarch --disable-werror --with-arch-32=i686 --with-abi=m64 --with-multilib-list=m32,m64,mx32 --enable-multilib --with-tune=generic --enable-checking=release --build=x86_64-linux-gnu --host=x86_64-linux-gnu --target=x86_64-linux-gnu]
  ignore line: [Thread model: posix]
  ignore line: [gcc version 6.3.0 20170406 (Ubuntu 6.3.0-12ubuntu2) ]
  ignore line: [COMPILER_PATH=/usr/lib/gcc/x86_64-linux-gnu/6/:/usr/lib/gcc/x86_64-linux-gnu/6/:/usr/lib/gcc/x86_64-linux-gnu/:/usr/lib/gcc/x86_64-linux-gnu/6/:/usr/lib/gcc/x86_64-linux-gnu/]
  ignore line: [LIBRARY_PATH=/usr/lib/gcc/x86_64-linux-gnu/6/:/usr/lib/gcc/x86_64-linux-gnu/6/../../../x86_64-linux-gnu/:/usr/lib/gcc/x86_64-linux-gnu/6/../../../../lib/:/lib/x86_64-linux-gnu/:/lib/../lib/:/usr/lib/x86_64-linux-gnu/:/usr/lib/../lib/:/usr/lib/gcc/x86_64-linux-gnu/6/../../../:/lib/:/usr/lib/]
  ignore line: [COLLECT_GCC_OPTIONS='-v' '-o' 'cmTC_76c02' '-rdynamic' '-shared-libgcc' '-mtune=generic' '-march=x86-64']
  link line: [ /usr/lib/gcc/x86_64-linux-gnu/6/collect2 -plugin /usr/lib/gcc/x86_64-linux-gnu/6/liblto_plugin.so -plugin-opt=/usr/lib/gcc/x86_64-linux-gnu/6/lto-wrapper -plugin-opt=-fresolution=/tmp/cc65Ej06.res -plugin-opt=-pass-through=-lgcc_s -plugin-opt=-pass-through=-lgcc -plugin-opt=-pass-through=-lc -plugin-opt=-pass-through=-lgcc_s -plugin-opt=-pass-through=-lgcc --sysroot=/ --build-id --eh-frame-hdr -m elf_x86_64 --hash-style=gnu --as-needed -export-dynamic -dynamic-linker /lib64/ld-linux-x86-64.so.2 -pie -z now -z relro -o cmTC_76c02 /usr/lib/gcc/x86_64-linux-gnu/6/../../../x86_64-linux-gnu/Scrt1.o /usr/lib/gcc/x86_64-linux-gnu/6/../../../x86_64-linux-gnu/crti.o /usr/lib/gcc/x86_64-linux-gnu/6/crtbeginS.o -L/usr/lib/gcc/x86_64-linux-gnu/6 -L/usr/lib/gcc/x86_64-linux-gnu/6/../../../x86_64-linux-gnu -L/usr/lib/gcc/x86_64-linux-gnu/6/../../../../lib -L/lib/x86_64-linux-gnu -L/lib/../lib -L/usr/lib/x86_64-linux-gnu -L/usr/lib/../lib -L/usr/lib/gcc/x86_64-linux-gnu/6/../../.. CMakeFiles/cmTC_76c02.dir/CMakeCXXCompilerABI.cpp.o -lstdc++ -lm -lgcc_s -lgcc -lc -lgcc_s -lgcc /usr/lib/gcc/x86_64-linux-gnu/6/crtendS.o /usr/lib/gcc/x86_64-linux-gnu/6/../../../x86_64-linux-gnu/crtn.o]
    arg [/usr/lib/gcc/x86_64-linux-gnu/6/collect2] ==> ignore
    arg [-plugin] ==> ignore
    arg [/usr/lib/gcc/x86_64-linux-gnu/6/liblto_plugin.so] ==> ignore
    arg [-plugin-opt=/usr/lib/gcc/x86_64-linux-gnu/6/lto-wrapper] ==> ignore
    arg [-plugin-opt=-fresolution=/tmp/cc65Ej06.res] ==> ignore
    arg [-plugin-opt=-pass-through=-lgcc_s] ==> ignore
    arg [-plugin-opt=-pass-through=-lgcc] ==> ignore
    arg [-plugin-opt=-pass-through=-lc] ==> ignore
    arg [-plugin-opt=-pass-through=-lgcc_s] ==> ignore
    arg [-plugin-opt=-pass-through=-lgcc] ==> ignore
    arg [--sysroot=/] ==> ignore
    arg [--build-id] ==> ignore
    arg [--eh-frame-hdr] ==> ignore
    arg [-m] ==> ignore
    arg [elf_x86_64] ==> ignore
    arg [--hash-style=gnu] ==> ignore
    arg [--as-needed] ==> ignore
    arg [-export-dynamic] ==> ignore
    arg [-dynamic-linker] ==> ignore
    arg [/lib64/ld-linux-x86-64.so.2] ==> ignore
    arg [-pie] ==> ignore
    arg [-znow] ==> ignore
    arg [-zrelro] ==> ignore
    arg [-o] ==> ignore
    arg [cmTC_76c02] ==> ignore
    arg [/usr/lib/gcc/x86_64-linux-gnu/6/../../../x86_64-linux-gnu/Scrt1.o] ==> ignore
    arg [/usr/lib/gcc/x86_64-linux-gnu/6/../../../x86_64-linux-gnu/crti.o] ==> ignore
    arg [/usr/lib/gcc/x86_64-linux-gnu/6/crtbeginS.o] ==> ignore
    arg [-L/usr/lib/gcc/x86_64-linux-gnu/6] ==> dir [/usr/lib/gcc/x86_64-linux-gnu/6]
    arg [-L/usr/lib/gcc/x86_64-linux-gnu/6/../../../x86_64-linux-gnu] ==> dir [/usr/lib/gcc/x86_64-linux-gnu/6/../../../x86_64-linux-gnu]
    arg [-L/usr/lib/gcc/x86_64-linux-gnu/6/../../../../lib] ==> dir [/usr/lib/gcc/x86_64-linux-gnu/6/../../../../lib]
    arg [-L/lib/x86_64-linux-gnu] ==> dir [/lib/x86_64-linux-gnu]
    arg [-L/lib/../lib] ==> dir [/lib/../lib]
    arg [-L/usr/lib/x86_64-linux-gnu] ==> dir [/usr/lib/x86_64-linux-gnu]
    arg [-L/usr/lib/../lib] ==> dir [/usr/lib/../lib]
    arg [-L/usr/lib/gcc/x86_64-linux-gnu/6/../../..] ==> dir [/usr/lib/gcc/x86_64-linux-gnu/6/../../..]
    arg [CMakeFiles/cmTC_76c02.dir/CMakeCXXCompilerABI.cpp.o] ==> ignore
    arg [-lstdc++] ==> lib [stdc++]
    arg [-lm] ==> lib [m]
    arg [-lgcc_s] ==> lib [gcc_s]
    arg [-lgcc] ==> lib [gcc]
    arg [-lc] ==> lib [c]
    arg [-lgcc_s] ==> lib [gcc_s]
    arg [-lgcc] ==> lib [gcc]
    arg [/usr/lib/gcc/x86_64-linux-gnu/6/crtendS.o] ==> ignore
    arg [/usr/lib/gcc/x86_64-linux-gnu/6/../../../x86_64-linux-gnu/crtn.o] ==> ignore
  remove lib [gcc_s]
  remove lib [gcc]
  remove lib [gcc_s]
  remove lib [gcc]
  collapse library dir [/usr/lib/gcc/x86_64-linux-gnu/6] ==> [/usr/lib/gcc/x86_64-linux-gnu/6]
  collapse library dir [/usr/lib/gcc/x86_64-linux-gnu/6/../../../x86_64-linux-gnu] ==> [/usr/lib/x86_64-linux-gnu]
  collapse library dir [/usr/lib/gcc/x86_64-linux-gnu/6/../../../../lib] ==> [/usr/lib]
  collapse library dir [/lib/x86_64-linux-gnu] ==> [/lib/x86_64-linux-gnu]
  collapse library dir [/lib/../lib] ==> [/lib]
  collapse library dir [/usr/lib/x86_64-linux-gnu] ==> [/usr/lib/x86_64-linux-gnu]
  collapse library dir [/usr/lib/../lib] ==> [/usr/lib]
  collapse library dir [/usr/lib/gcc/x86_64-linux-gnu/6/../../..] ==> [/usr/lib]
  implicit libs: [stdc++;m;c]
  implicit dirs: [/usr/lib/gcc/x86_64-linux-gnu/6;/usr/lib/x86_64-linux-gnu;/usr/lib;/lib/x86_64-linux-gnu;/lib]
  implicit fwks: []




Detecting CXX [-std=c++14] compiler features compiled with the following output:
Change Dir: /home/azgra/dlib-19.7/tools/imglab/build/CMakeFiles/CMakeTmp

Run Build Command:"/usr/bin/make" "cmTC_54266/fast"
/usr/bin/make -f CMakeFiles/cmTC_54266.dir/build.make CMakeFiles/cmTC_54266.dir/build
make[1]: Entering directory '/home/azgra/dlib-19.7/tools/imglab/build/CMakeFiles/CMakeTmp'
Building CXX object CMakeFiles/cmTC_54266.dir/feature_tests.cxx.o
/usr/bin/c++     -std=c++14 -o CMakeFiles/cmTC_54266.dir/feature_tests.cxx.o -c /home/azgra/dlib-19.7/tools/imglab/build/CMakeFiles/feature_tests.cxx
Linking CXX executable cmTC_54266
/usr/bin/cmake -E cmake_link_script CMakeFiles/cmTC_54266.dir/link.txt --verbose=1
/usr/bin/c++        CMakeFiles/cmTC_54266.dir/feature_tests.cxx.o  -o cmTC_54266 -rdynamic 
make[1]: Leaving directory '/home/azgra/dlib-19.7/tools/imglab/build/CMakeFiles/CMakeTmp'


    Feature record: CXX_FEATURE:1cxx_aggregate_default_initializers
    Feature record: CXX_FEATURE:1cxx_alias_templates
    Feature record: CXX_FEATURE:1cxx_alignas
    Feature record: CXX_FEATURE:1cxx_alignof
    Feature record: CXX_FEATURE:1cxx_attributes
    Feature record: CXX_FEATURE:1cxx_attribute_deprecated
    Feature record: CXX_FEATURE:1cxx_auto_type
    Feature record: CXX_FEATURE:1cxx_binary_literals
    Feature record: CXX_FEATURE:1cxx_constexpr
    Feature record: CXX_FEATURE:1cxx_contextual_conversions
    Feature record: CXX_FEATURE:1cxx_decltype
    Feature record: CXX_FEATURE:1cxx_decltype_auto
    Feature record: CXX_FEATURE:1cxx_decltype_incomplete_return_types
    Feature record: CXX_FEATURE:1cxx_default_function_template_args
    Feature record: CXX_FEATURE:1cxx_defaulted_functions
    Feature record: CXX_FEATURE:1cxx_defaulted_move_initializers
    Feature record: CXX_FEATURE:1cxx_delegating_constructors
    Feature record: CXX_FEATURE:1cxx_deleted_functions
    Feature record: CXX_FEATURE:1cxx_digit_separators
    Feature record: CXX_FEATURE:1cxx_enum_forward_declarations
    Feature record: CXX_FEATURE:1cxx_explicit_conversions
    Feature record: CXX_FEATURE:1cxx_extended_friend_declarations
    Feature record: CXX_FEATURE:1cxx_extern_templates
    Feature record: CXX_FEATURE:1cxx_final
    Feature record: CXX_FEATURE:1cxx_func_identifier
    Feature record: CXX_FEATURE:1cxx_generalized_initializers
    Feature record: CXX_FEATURE:1cxx_generic_lambdas
    Feature record: CXX_FEATURE:1cxx_inheriting_constructors
    Feature record: CXX_FEATURE:1cxx_inline_namespaces
    Feature record: CXX_FEATURE:1cxx_lambdas
    Feature record: CXX_FEATURE:1cxx_lambda_init_captures
    Feature record: CXX_FEATURE:1cxx_local_type_template_args
    Feature record: CXX_FEATURE:1cxx_long_long_type
    Feature record: CXX_FEATURE:1cxx_noexcept
    Feature record: CXX_FEATURE:1cxx_nonstatic_member_init
    Feature record: CXX_FEATURE:1cxx_nullptr
    Feature record: CXX_FEATURE:1cxx_override
    Feature record: CXX_FEATURE:1cxx_range_for
    Feature record: CXX_FEATURE:1cxx_raw_string_literals
    Feature record: CXX_FEATURE:1cxx_reference_qualified_functions
    Feature record: CXX_FEATURE:1cxx_relaxed_constexpr
    Feature record: CXX_FEATURE:1cxx_return_type_deduction
    Feature record: CXX_FEATURE:1cxx_right_angle_brackets
    Feature record: CXX_FEATURE:1cxx_rvalue_references
    Feature record: CXX_FEATURE:1cxx_sizeof_member
    Feature record: CXX_FEATURE:1cxx_static_assert
    Feature record: CXX_FEATURE:1cxx_strong_enums
    Feature record: CXX_FEATURE:1cxx_template_template_parameters
    Feature record: CXX_FEATURE:1cxx_thread_local
    Feature record: CXX_FEATURE:1cxx_trailing_return_types
    Feature record: CXX_FEATURE:1cxx_unicode_literals
    Feature record: CXX_FEATURE:1cxx_uniform_initialization
    Feature record: CXX_FEATURE:1cxx_unrestricted_unions
    Feature record: CXX_FEATURE:1cxx_user_literals
    Feature record: CXX_FEATURE:1cxx_variable_templates
    Feature record: CXX_FEATURE:1cxx_variadic_macros
    Feature record: CXX_FEATURE:1cxx_variadic_templates


Detecting CXX [-std=c++11] compiler features compiled with the following output:
Change Dir: /home/azgra/dlib-19.7/tools/imglab/build/CMakeFiles/CMakeTmp

Run Build Command:"/usr/bin/make" "cmTC_27883/fast"
/usr/bin/make -f CMakeFiles/cmTC_27883.dir/build.make CMakeFiles/cmTC_27883.dir/build
make[1]: Entering directory '/home/azgra/dlib-19.7/tools/imglab/build/CMakeFiles/CMakeTmp'
Building CXX object CMakeFiles/cmTC_27883.dir/feature_tests.cxx.o
/usr/bin/c++     -std=c++11 -o CMakeFiles/cmTC_27883.dir/feature_tests.cxx.o -c /home/azgra/dlib-19.7/tools/imglab/build/CMakeFiles/feature_tests.cxx
Linking CXX executable cmTC_27883
/usr/bin/cmake -E cmake_link_script CMakeFiles/cmTC_27883.dir/link.txt --verbose=1
/usr/bin/c++        CMakeFiles/cmTC_27883.dir/feature_tests.cxx.o  -o cmTC_27883 -rdynamic 
make[1]: Leaving directory '/home/azgra/dlib-19.7/tools/imglab/build/CMakeFiles/CMakeTmp'


    Feature record: CXX_FEATURE:0cxx_aggregate_default_initializers
    Feature record: CXX_FEATURE:1cxx_alias_templates
    Feature record: CXX_FEATURE:1cxx_alignas
    Feature record: CXX_FEATURE:1cxx_alignof
    Feature record: CXX_FEATURE:1cxx_attributes
    Feature record: CXX_FEATURE:0cxx_attribute_deprecated
    Feature record: CXX_FEATURE:1cxx_auto_type
    Feature record: CXX_FEATURE:0cxx_binary_literals
    Feature record: CXX_FEATURE:1cxx_constexpr
    Feature record: CXX_FEATURE:0cxx_contextual_conversions
    Feature record: CXX_FEATURE:1cxx_decltype
    Feature record: CXX_FEATURE:0cxx_decltype_auto
    Feature record: CXX_FEATURE:1cxx_decltype_incomplete_return_types
    Feature record: CXX_FEATURE:1cxx_default_function_template_args
    Feature record: CXX_FEATURE:1cxx_defaulted_functions
    Feature record: CXX_FEATURE:1cxx_defaulted_move_initializers
    Feature record: CXX_FEATURE:1cxx_delegating_constructors
    Feature record: CXX_FEATURE:1cxx_deleted_functions
    Feature record: CXX_FEATURE:0cxx_digit_separators
    Feature record: CXX_FEATURE:1cxx_enum_forward_declarations
    Feature record: CXX_FEATURE:1cxx_explicit_conversions
    Feature record: CXX_FEATURE:1cxx_extended_friend_declarations
    Feature record: CXX_FEATURE:1cxx_extern_templates
    Feature record: CXX_FEATURE:1cxx_final
    Feature record: CXX_FEATURE:1cxx_func_identifier
    Feature record: CXX_FEATURE:1cxx_generalized_initializers
    Feature record: CXX_FEATURE:0cxx_generic_lambdas
    Feature record: CXX_FEATURE:1cxx_inheriting_constructors
    Feature record: CXX_FEATURE:1cxx_inline_namespaces
    Feature record: CXX_FEATURE:1cxx_lambdas
    Feature record: CXX_FEATURE:0cxx_lambda_init_captures
    Feature record: CXX_FEATURE:1cxx_local_type_template_args
    Feature record: CXX_FEATURE:1cxx_long_long_type
    Feature record: CXX_FEATURE:1cxx_noexcept
    Feature record: CXX_FEATURE:1cxx_nonstatic_member_init
    Feature record: CXX_FEATURE:1cxx_nullptr
    Feature record: CXX_FEATURE:1cxx_override
    Feature record: CXX_FEATURE:1cxx_range_for
    Feature record: CXX_FEATURE:1cxx_raw_string_literals
    Feature record: CXX_FEATURE:1cxx_reference_qualified_functions
    Feature record: CXX_FEATURE:0cxx_relaxed_constexpr
    Feature record: CXX_FEATURE:0cxx_return_type_deduction
    Feature record: CXX_FEATURE:1cxx_right_angle_brackets
    Feature record: CXX_FEATURE:1cxx_rvalue_references
    Feature record: CXX_FEATURE:1cxx_sizeof_member
    Feature record: CXX_FEATURE:1cxx_static_assert
    Feature record: CXX_FEATURE:1cxx_strong_enums
    Feature record: CXX_FEATURE:1cxx_template_template_parameters
    Feature record: CXX_FEATURE:1cxx_thread_local
    Feature record: CXX_FEATURE:1cxx_trailing_return_types
    Feature record: CXX_FEATURE:1cxx_unicode_literals
    Feature record: CXX_FEATURE:1cxx_uniform_initialization
    Feature record: CXX_FEATURE:1cxx_unrestricted_unions
    Feature record: CXX_FEATURE:1cxx_user_literals
    Feature record: CXX_FEATURE:0cxx_variable_templates
    Feature record: CXX_FEATURE:1cxx_variadic_macros
    Feature record: CXX_FEATURE:1cxx_variadic_templates


Detecting CXX [-std=c++98] compiler features compiled with the following output:
Change Dir: /home/azgra/dlib-19.7/tools/imglab/build/CMakeFiles/CMakeTmp

Run Build Command:"/usr/bin/make" "cmTC_02d22/fast"
/usr/bin/make -f CMakeFiles/cmTC_02d22.dir/build.make CMakeFiles/cmTC_02d22.dir/build
make[1]: Entering directory '/home/azgra/dlib-19.7/tools/imglab/build/CMakeFiles/CMakeTmp'
Building CXX object CMakeFiles/cmTC_02d22.dir/feature_tests.cxx.o
/usr/bin/c++     -std=c++98 -o CMakeFiles/cmTC_02d22.dir/feature_tests.cxx.o -c /home/azgra/dlib-19.7/tools/imglab/build/CMakeFiles/feature_tests.cxx
Linking CXX executable cmTC_02d22
/usr/bin/cmake -E cmake_link_script CMakeFiles/cmTC_02d22.dir/link.txt --verbose=1
/usr/bin/c++        CMakeFiles/cmTC_02d22.dir/feature_tests.cxx.o  -o cmTC_02d22 -rdynamic 
make[1]: Leaving directory '/home/azgra/dlib-19.7/tools/imglab/build/CMakeFiles/CMakeTmp'


    Feature record: CXX_FEATURE:0cxx_aggregate_default_initializers
    Feature record: CXX_FEATURE:0cxx_alias_templates
    Feature record: CXX_FEATURE:0cxx_alignas
    Feature record: CXX_FEATURE:0cxx_alignof
    Feature record: CXX_FEATURE:0cxx_attributes
    Feature record: CXX_FEATURE:0cxx_attribute_deprecated
    Feature record: CXX_FEATURE:0cxx_auto_type
    Feature record: CXX_FEATURE:0cxx_binary_literals
    Feature record: CXX_FEATURE:0cxx_constexpr
    Feature record: CXX_FEATURE:0cxx_contextual_conversions
    Feature record: CXX_FEATURE:0cxx_decltype
    Feature record: CXX_FEATURE:0cxx_decltype_auto
    Feature record: CXX_FEATURE:0cxx_decltype_incomplete_return_types
    Feature record: CXX_FEATURE:0cxx_default_function_template_args
    Feature record: CXX_FEATURE:0cxx_defaulted_functions
    Feature record: CXX_FEATURE:0cxx_defaulted_move_initializers
    Feature record: CXX_FEATURE:0cxx_delegating_constructors
    Feature record: CXX_FEATURE:0cxx_deleted_functions
    Feature record: CXX_FEATURE:0cxx_digit_separators
    Feature record: CXX_FEATURE:0cxx_enum_forward_declarations
    Feature record: CXX_FEATURE:0cxx_explicit_conversions
    Feature record: CXX_FEATURE:0cxx_extended_friend_declarations
    Feature record: CXX_FEATURE:0cxx_extern_templates
    Feature record: CXX_FEATURE:0cxx_final
    Feature record: CXX_FEATURE:0cxx_func_identifier
    Feature record: CXX_FEATURE:0cxx_generalized_initializers
    Feature record: CXX_FEATURE:0cxx_generic_lambdas
    Feature record: CXX_FEATURE:0cxx_inheriting_constructors
    Feature record: CXX_FEATURE:0cxx_inline_namespaces
    Feature record: CXX_FEATURE:0cxx_lambdas
    Feature record: CXX_FEATURE:0cxx_lambda_init_captures
    Feature record: CXX_FEATURE:0cxx_local_type_template_args
    Feature record: CXX_FEATURE:0cxx_long_long_type
    Feature record: CXX_FEATURE:0cxx_noexcept
    Feature record: CXX_FEATURE:0cxx_nonstatic_member_init
    Feature record: CXX_FEATURE:0cxx_nullptr
    Feature record: CXX_FEATURE:0cxx_override
    Feature record: CXX_FEATURE:0cxx_range_for
    Feature record: CXX_FEATURE:0cxx_raw_string_literals
    Feature record: CXX_FEATURE:0cxx_reference_qualified_functions
    Feature record: CXX_FEATURE:0cxx_relaxed_constexpr
    Feature record: CXX_FEATURE:0cxx_return_type_deduction
    Feature record: CXX_FEATURE:0cxx_right_angle_brackets
    Feature record: CXX_FEATURE:0cxx_rvalue_references
    Feature record: CXX_FEATURE:0cxx_sizeof_member
    Feature record: CXX_FEATURE:0cxx_static_assert
    Feature record: CXX_FEATURE:0cxx_strong_enums
    Feature record: CXX_FEATURE:1cxx_template_template_parameters
    Feature record: CXX_FEATURE:0cxx_thread_local
    Feature record: CXX_FEATURE:0cxx_trailing_return_types
    Feature record: CXX_FEATURE:0cxx_unicode_literals
    Feature record: CXX_FEATURE:0cxx_uniform_initialization
    Feature record: CXX_FEATURE:0cxx_unrestricted_unions
    Feature record: CXX_FEATURE:0cxx_user_literals
    Feature record: CXX_FEATURE:0cxx_variable_templates
    Feature record: CXX_FEATURE:0cxx_variadic_macros
    Feature record: CXX_FEATURE:0cxx_variadic_templates
Determining if the include file pthread.h exists passed with the following output:
Change Dir: /home/azgra/dlib-19.7/tools/imglab/build/CMakeFiles/CMakeTmp

Run Build Command:"/usr/bin/make" "cmTC_5bcbc/fast"
/usr/bin/make -f CMakeFiles/cmTC_5bcbc.dir/build.make CMakeFiles/cmTC_5bcbc.dir/build
make[1]: Entering directory '/home/azgra/dlib-19.7/tools/imglab/build/CMakeFiles/CMakeTmp'
Building C object CMakeFiles/cmTC_5bcbc.dir/CheckIncludeFile.c.o
/usr/bin/cc     -o CMakeFiles/cmTC_5bcbc.dir/CheckIncludeFile.c.o   -c /home/azgra/dlib-19.7/tools/imglab/build/CMakeFiles/CMakeTmp/CheckIncludeFile.c
Linking C executable cmTC_5bcbc
/usr/bin/cmake -E cmake_link_script CMakeFiles/cmTC_5bcbc.dir/link.txt --verbose=1
/usr/bin/cc       CMakeFiles/cmTC_5bcbc.dir/CheckIncludeFile.c.o  -o cmTC_5bcbc -rdynamic 
make[1]: Leaving directory '/home/azgra/dlib-19.7/tools/imglab/build/CMakeFiles/CMakeTmp'


Determining if the function pthread_create exists in the pthread passed with the following output:
Change Dir: /home/azgra/dlib-19.7/tools/imglab/build/CMakeFiles/CMakeTmp

Run Build Command:"/usr/bin/make" "cmTC_76439/fast"
/usr/bin/make -f CMakeFiles/cmTC_76439.dir/build.make CMakeFiles/cmTC_76439.dir/build
make[1]: Entering directory '/home/azgra/dlib-19.7/tools/imglab/build/CMakeFiles/CMakeTmp'
Building C object CMakeFiles/cmTC_76439.dir/CheckFunctionExists.c.o
/usr/bin/cc    -DCHECK_FUNCTION_EXISTS=pthread_create   -o CMakeFiles/cmTC_76439.dir/CheckFunctionExists.c.o   -c /usr/share/cmake-3.7/Modules/CheckFunctionExists.c
Linking C executable cmTC_76439
/usr/bin/cmake -E cmake_link_script CMakeFiles/cmTC_76439.dir/link.txt --verbose=1
/usr/bin/cc   -DCHECK_FUNCTION_EXISTS=pthread_create    CMakeFiles/cmTC_76439.dir/CheckFunctionExists.c.o  -o cmTC_76439 -rdynamic -lpthread 
make[1]: Leaving directory '/home/azgra/dlib-19.7/tools/imglab/build/CMakeFiles/CMakeTmp'


Determining if the function XOpenDisplay exists in the /usr/lib/x86_64-linux-gnu/libX11.so;/usr/lib/x86_64-linux-gnu/libXext.so passed with the following output:
Change Dir: /home/azgra/dlib-19.7/tools/imglab/build/CMakeFiles/CMakeTmp

Run Build Command:"/usr/bin/make" "cmTC_9a699/fast"
/usr/bin/make -f CMakeFiles/cmTC_9a699.dir/build.make CMakeFiles/cmTC_9a699.dir/build
make[1]: Entering directory '/home/azgra/dlib-19.7/tools/imglab/build/CMakeFiles/CMakeTmp'
Building C object CMakeFiles/cmTC_9a699.dir/CheckFunctionExists.c.o
/usr/bin/cc    -DCHECK_FUNCTION_EXISTS=XOpenDisplay   -o CMakeFiles/cmTC_9a699.dir/CheckFunctionExists.c.o   -c /usr/share/cmake-3.7/Modules/CheckFunctionExists.c
Linking C executable cmTC_9a699
/usr/bin/cmake -E cmake_link_script CMakeFiles/cmTC_9a699.dir/link.txt --verbose=1
/usr/bin/cc   -DCHECK_FUNCTION_EXISTS=XOpenDisplay    CMakeFiles/cmTC_9a699.dir/CheckFunctionExists.c.o  -o cmTC_9a699 -rdynamic /usr/lib/x86_64-linux-gnu/libX11.so /usr/lib/x86_64-linux-gnu/libXext.so 
make[1]: Leaving directory '/home/azgra/dlib-19.7/tools/imglab/build/CMakeFiles/CMakeTmp'


Determining if the function gethostbyname exists passed with the following output:
Change Dir: /home/azgra/dlib-19.7/tools/imglab/build/CMakeFiles/CMakeTmp

Run Build Command:"/usr/bin/make" "cmTC_ce276/fast"
/usr/bin/make -f CMakeFiles/cmTC_ce276.dir/build.make CMakeFiles/cmTC_ce276.dir/build
make[1]: Entering directory '/home/azgra/dlib-19.7/tools/imglab/build/CMakeFiles/CMakeTmp'
Building C object CMakeFiles/cmTC_ce276.dir/CheckFunctionExists.c.o
/usr/bin/cc    -DCHECK_FUNCTION_EXISTS=gethostbyname   -o CMakeFiles/cmTC_ce276.dir/CheckFunctionExists.c.o   -c /usr/share/cmake-3.7/Modules/CheckFunctionExists.c
Linking C executable cmTC_ce276
/usr/bin/cmake -E cmake_link_script CMakeFiles/cmTC_ce276.dir/link.txt --verbose=1
/usr/bin/cc   -DCHECK_FUNCTION_EXISTS=gethostbyname    CMakeFiles/cmTC_ce276.dir/CheckFunctionExists.c.o  -o cmTC_ce276 -rdynamic 
make[1]: Leaving directory '/home/azgra/dlib-19.7/tools/imglab/build/CMakeFiles/CMakeTmp'


Determining if the function connect exists passed with the following output:
Change Dir: /home/azgra/dlib-19.7/tools/imglab/build/CMakeFiles/CMakeTmp

Run Build Command:"/usr/bin/make" "cmTC_1bc27/fast"
/usr/bin/make -f CMakeFiles/cmTC_1bc27.dir/build.make CMakeFiles/cmTC_1bc27.dir/build
make[1]: Entering directory '/home/azgra/dlib-19.7/tools/imglab/build/CMakeFiles/CMakeTmp'
Building C object CMakeFiles/cmTC_1bc27.dir/CheckFunctionExists.c.o
/usr/bin/cc    -DCHECK_FUNCTION_EXISTS=connect   -o CMakeFiles/cmTC_1bc27.dir/CheckFunctionExists.c.o   -c /usr/share/cmake-3.7/Modules/CheckFunctionExists.c
Linking C executable cmTC_1bc27
/usr/bin/cmake -E cmake_link_script CMakeFiles/cmTC_1bc27.dir/link.txt --verbose=1
/usr/bin/cc   -DCHECK_FUNCTION_EXISTS=connect    CMakeFiles/cmTC_1bc27.dir/CheckFunctionExists.c.o  -o cmTC_1bc27 -rdynamic 
make[1]: Leaving directory '/home/azgra/dlib-19.7/tools/imglab/build/CMakeFiles/CMakeTmp'


Determining if the function remove exists passed with the following output:
Change Dir: /home/azgra/dlib-19.7/tools/imglab/build/CMakeFiles/CMakeTmp

Run Build Command:"/usr/bin/make" "cmTC_03633/fast"
/usr/bin/make -f CMakeFiles/cmTC_03633.dir/build.make CMakeFiles/cmTC_03633.dir/build
make[1]: Entering directory '/home/azgra/dlib-19.7/tools/imglab/build/CMakeFiles/CMakeTmp'
Building C object CMakeFiles/cmTC_03633.dir/CheckFunctionExists.c.o
/usr/bin/cc    -DCHECK_FUNCTION_EXISTS=remove   -o CMakeFiles/cmTC_03633.dir/CheckFunctionExists.c.o   -c /usr/share/cmake-3.7/Modules/CheckFunctionExists.c
Linking C executable cmTC_03633
/usr/bin/cmake -E cmake_link_script CMakeFiles/cmTC_03633.dir/link.txt --verbose=1
/usr/bin/cc   -DCHECK_FUNCTION_EXISTS=remove    CMakeFiles/cmTC_03633.dir/CheckFunctionExists.c.o  -o cmTC_03633 -rdynamic 
make[1]: Leaving directory '/home/azgra/dlib-19.7/tools/imglab/build/CMakeFiles/CMakeTmp'


Determining if the function shmat exists passed with the following output:
Change Dir: /home/azgra/dlib-19.7/tools/imglab/build/CMakeFiles/CMakeTmp

Run Build Command:"/usr/bin/make" "cmTC_f15da/fast"
/usr/bin/make -f CMakeFiles/cmTC_f15da.dir/build.make CMakeFiles/cmTC_f15da.dir/build
make[1]: Entering directory '/home/azgra/dlib-19.7/tools/imglab/build/CMakeFiles/CMakeTmp'
Building C object CMakeFiles/cmTC_f15da.dir/CheckFunctionExists.c.o
/usr/bin/cc    -DCHECK_FUNCTION_EXISTS=shmat   -o CMakeFiles/cmTC_f15da.dir/CheckFunctionExists.c.o   -c /usr/share/cmake-3.7/Modules/CheckFunctionExists.c
Linking C executable cmTC_f15da
/usr/bin/cmake -E cmake_link_script CMakeFiles/cmTC_f15da.dir/link.txt --verbose=1
/usr/bin/cc   -DCHECK_FUNCTION_EXISTS=shmat    CMakeFiles/cmTC_f15da.dir/CheckFunctionExists.c.o  -o cmTC_f15da -rdynamic 
make[1]: Leaving directory '/home/azgra/dlib-19.7/tools/imglab/build/CMakeFiles/CMakeTmp'


Determining if the function IceConnectionNumber exists in the ICE passed with the following output:
Change Dir: /home/azgra/dlib-19.7/tools/imglab/build/CMakeFiles/CMakeTmp

Run Build Command:"/usr/bin/make" "cmTC_c9371/fast"
/usr/bin/make -f CMakeFiles/cmTC_c9371.dir/build.make CMakeFiles/cmTC_c9371.dir/build
make[1]: Entering directory '/home/azgra/dlib-19.7/tools/imglab/build/CMakeFiles/CMakeTmp'
Building C object CMakeFiles/cmTC_c9371.dir/CheckFunctionExists.c.o
/usr/bin/cc    -DCHECK_FUNCTION_EXISTS=IceConnectionNumber   -o CMakeFiles/cmTC_c9371.dir/CheckFunctionExists.c.o   -c /usr/share/cmake-3.7/Modules/CheckFunctionExists.c
Linking C executable cmTC_c9371
/usr/bin/cmake -E cmake_link_script CMakeFiles/cmTC_c9371.dir/link.txt --verbose=1
/usr/bin/cc   -DCHECK_FUNCTION_EXISTS=IceConnectionNumber    CMakeFiles/cmTC_c9371.dir/CheckFunctionExists.c.o  -o cmTC_c9371 -rdynamic -lICE 
make[1]: Leaving directory '/home/azgra/dlib-19.7/tools/imglab/build/CMakeFiles/CMakeTmp'


Determining if the function png_create_read_struct exists passed with the following output:
Change Dir: /home/azgra/dlib-19.7/tools/imglab/build/CMakeFiles/CMakeTmp

Run Build Command:"/usr/bin/make" "cmTC_97790/fast"
/usr/bin/make -f CMakeFiles/cmTC_97790.dir/build.make CMakeFiles/cmTC_97790.dir/build
make[1]: Entering directory '/home/azgra/dlib-19.7/tools/imglab/build/CMakeFiles/CMakeTmp'
Building C object CMakeFiles/cmTC_97790.dir/CheckFunctionExists.c.o
/usr/bin/cc    -DCHECK_FUNCTION_EXISTS=png_create_read_struct   -o CMakeFiles/cmTC_97790.dir/CheckFunctionExists.c.o   -c /usr/share/cmake-3.7/Modules/CheckFunctionExists.c
Linking C executable cmTC_97790
/usr/bin/cmake -E cmake_link_script CMakeFiles/cmTC_97790.dir/link.txt --verbose=1
/usr/bin/cc   -DCHECK_FUNCTION_EXISTS=png_create_read_struct    CMakeFiles/cmTC_97790.dir/CheckFunctionExists.c.o  -o cmTC_97790 -rdynamic /usr/lib/x86_64-linux-gnu/libpng.so /usr/lib/x86_64-linux-gnu/libz.so 
make[1]: Leaving directory '/home/azgra/dlib-19.7/tools/imglab/build/CMakeFiles/CMakeTmp'


Determining if the function jpeg_read_header exists passed with the following output:
Change Dir: /home/azgra/dlib-19.7/tools/imglab/build/CMakeFiles/CMakeTmp

Run Build Command:"/usr/bin/make" "cmTC_f17f6/fast"
/usr/bin/make -f CMakeFiles/cmTC_f17f6.dir/build.make CMakeFiles/cmTC_f17f6.dir/build
make[1]: Entering directory '/home/azgra/dlib-19.7/tools/imglab/build/CMakeFiles/CMakeTmp'
Building C object CMakeFiles/cmTC_f17f6.dir/CheckFunctionExists.c.o
/usr/bin/cc    -DCHECK_FUNCTION_EXISTS=jpeg_read_header   -o CMakeFiles/cmTC_f17f6.dir/CheckFunctionExists.c.o   -c /usr/share/cmake-3.7/Modules/CheckFunctionExists.c
Linking C executable cmTC_f17f6
/usr/bin/cmake -E cmake_link_script CMakeFiles/cmTC_f17f6.dir/link.txt --verbose=1
/usr/bin/cc   -DCHECK_FUNCTION_EXISTS=jpeg_read_header    CMakeFiles/cmTC_f17f6.dir/CheckFunctionExists.c.o  -o cmTC_f17f6 -rdynamic /usr/lib/x86_64-linux-gnu/libjpeg.so 
make[1]: Leaving directory '/home/azgra/dlib-19.7/tools/imglab/build/CMakeFiles/CMakeTmp'


Determining if the include file sys/types.h exists passed with the following output:
Change Dir: /home/azgra/dlib-19.7/tools/imglab/build/CMakeFiles/CMakeTmp

Run Build Command:"/usr/bin/make" "cmTC_d900e/fast"
/usr/bin/make -f CMakeFiles/cmTC_d900e.dir/build.make CMakeFiles/cmTC_d900e.dir/build
make[1]: Entering directory '/home/azgra/dlib-19.7/tools/imglab/build/CMakeFiles/CMakeTmp'
Building C object CMakeFiles/cmTC_d900e.dir/CheckIncludeFile.c.o
/usr/bin/cc     -o CMakeFiles/cmTC_d900e.dir/CheckIncludeFile.c.o   -c /home/azgra/dlib-19.7/tools/imglab/build/CMakeFiles/CMakeTmp/CheckIncludeFile.c
Linking C executable cmTC_d900e
/usr/bin/cmake -E cmake_link_script CMakeFiles/cmTC_d900e.dir/link.txt --verbose=1
/usr/bin/cc       CMakeFiles/cmTC_d900e.dir/CheckIncludeFile.c.o  -o cmTC_d900e -rdynamic 
make[1]: Leaving directory '/home/azgra/dlib-19.7/tools/imglab/build/CMakeFiles/CMakeTmp'


Determining if the include file stdint.h exists passed with the following output:
Change Dir: /home/azgra/dlib-19.7/tools/imglab/build/CMakeFiles/CMakeTmp

Run Build Command:"/usr/bin/make" "cmTC_0cab4/fast"
/usr/bin/make -f CMakeFiles/cmTC_0cab4.dir/build.make CMakeFiles/cmTC_0cab4.dir/build
make[1]: Entering directory '/home/azgra/dlib-19.7/tools/imglab/build/CMakeFiles/CMakeTmp'
Building C object CMakeFiles/cmTC_0cab4.dir/CheckIncludeFile.c.o
/usr/bin/cc     -o CMakeFiles/cmTC_0cab4.dir/CheckIncludeFile.c.o   -c /home/azgra/dlib-19.7/tools/imglab/build/CMakeFiles/CMakeTmp/CheckIncludeFile.c
Linking C executable cmTC_0cab4
/usr/bin/cmake -E cmake_link_script CMakeFiles/cmTC_0cab4.dir/link.txt --verbose=1
/usr/bin/cc       CMakeFiles/cmTC_0cab4.dir/CheckIncludeFile.c.o  -o cmTC_0cab4 -rdynamic 
make[1]: Leaving directory '/home/azgra/dlib-19.7/tools/imglab/build/CMakeFiles/CMakeTmp'


Determining if the include file stddef.h exists passed with the following output:
Change Dir: /home/azgra/dlib-19.7/tools/imglab/build/CMakeFiles/CMakeTmp

Run Build Command:"/usr/bin/make" "cmTC_49d3f/fast"
/usr/bin/make -f CMakeFiles/cmTC_49d3f.dir/build.make CMakeFiles/cmTC_49d3f.dir/build
make[1]: Entering directory '/home/azgra/dlib-19.7/tools/imglab/build/CMakeFiles/CMakeTmp'
Building C object CMakeFiles/cmTC_49d3f.dir/CheckIncludeFile.c.o
/usr/bin/cc     -o CMakeFiles/cmTC_49d3f.dir/CheckIncludeFile.c.o   -c /home/azgra/dlib-19.7/tools/imglab/build/CMakeFiles/CMakeTmp/CheckIncludeFile.c
Linking C executable cmTC_49d3f
/usr/bin/cmake -E cmake_link_script CMakeFiles/cmTC_49d3f.dir/link.txt --verbose=1
/usr/bin/cc       CMakeFiles/cmTC_49d3f.dir/CheckIncludeFile.c.o  -o cmTC_49d3f -rdynamic 
make[1]: Leaving directory '/home/azgra/dlib-19.7/tools/imglab/build/CMakeFiles/CMakeTmp'


Determining size of void* passed with the following output:
Change Dir: /home/azgra/dlib-19.7/tools/imglab/build/CMakeFiles/CMakeTmp

Run Build Command:"/usr/bin/make" "cmTC_9a0db/fast"
/usr/bin/make -f CMakeFiles/cmTC_9a0db.dir/build.make CMakeFiles/cmTC_9a0db.dir/build
make[1]: Entering directory '/home/azgra/dlib-19.7/tools/imglab/build/CMakeFiles/CMakeTmp'
Building C object CMakeFiles/cmTC_9a0db.dir/SIZE_OF_VOID_PTR.c.o
/usr/bin/cc     -o CMakeFiles/cmTC_9a0db.dir/SIZE_OF_VOID_PTR.c.o   -c /home/azgra/dlib-19.7/tools/imglab/build/CMakeFiles/CheckTypeSize/SIZE_OF_VOID_PTR.c
Linking C executable cmTC_9a0db
/usr/bin/cmake -E cmake_link_script CMakeFiles/cmTC_9a0db.dir/link.txt --verbose=1
/usr/bin/cc       CMakeFiles/cmTC_9a0db.dir/SIZE_OF_VOID_PTR.c.o  -o cmTC_9a0db -rdynamic /usr/lib/x86_64-linux-gnu/libjpeg.so 
make[1]: Leaving directory '/home/azgra/dlib-19.7/tools/imglab/build/CMakeFiles/CMakeTmp'


Determining if the function cblas_ddot exists passed with the following output:
Change Dir: /home/azgra/dlib-19.7/tools/imglab/build/CMakeFiles/CMakeTmp

Run Build Command:"/usr/bin/make" "cmTC_afb42/fast"
/usr/bin/make -f CMakeFiles/cmTC_afb42.dir/build.make CMakeFiles/cmTC_afb42.dir/build
make[1]: Entering directory '/home/azgra/dlib-19.7/tools/imglab/build/CMakeFiles/CMakeTmp'
Building C object CMakeFiles/cmTC_afb42.dir/CheckFunctionExists.c.o
/usr/bin/cc    -DCHECK_FUNCTION_EXISTS=cblas_ddot   -o CMakeFiles/cmTC_afb42.dir/CheckFunctionExists.c.o   -c /usr/share/cmake-3.7/Modules/CheckFunctionExists.c
Linking C executable cmTC_afb42
/usr/bin/cmake -E cmake_link_script CMakeFiles/cmTC_afb42.dir/link.txt --verbose=1
/usr/bin/cc   -DCHECK_FUNCTION_EXISTS=cblas_ddot    CMakeFiles/cmTC_afb42.dir/CheckFunctionExists.c.o  -o cmTC_afb42 -rdynamic /usr/lib/libatlas.so /usr/lib/libcblas.so 
make[1]: Leaving directory '/home/azgra/dlib-19.7/tools/imglab/build/CMakeFiles/CMakeTmp'


Performing C SOURCE FILE Test OpenMP_FLAG_DETECTED succeeded with the following output:
Change Dir: /home/azgra/dlib-19.7/tools/imglab/build/CMakeFiles/CMakeTmp

Run Build Command:"/usr/bin/make" "cmTC_016f5/fast"
/usr/bin/make -f CMakeFiles/cmTC_016f5.dir/build.make CMakeFiles/cmTC_016f5.dir/build
make[1]: Entering directory '/home/azgra/dlib-19.7/tools/imglab/build/CMakeFiles/CMakeTmp'
Building C object CMakeFiles/cmTC_016f5.dir/src.c.o
/usr/bin/cc    -DOpenMP_FLAG_DETECTED -fopenmp   -o CMakeFiles/cmTC_016f5.dir/src.c.o   -c /home/azgra/dlib-19.7/tools/imglab/build/CMakeFiles/CMakeTmp/src.c
Linking C executable cmTC_016f5
/usr/bin/cmake -E cmake_link_script CMakeFiles/cmTC_016f5.dir/link.txt --verbose=1
/usr/bin/cc   -DOpenMP_FLAG_DETECTED -fopenmp    CMakeFiles/cmTC_016f5.dir/src.c.o  -o cmTC_016f5 -rdynamic /usr/lib/libatlas.so /usr/lib/libcblas.so 
make[1]: Leaving directory '/home/azgra/dlib-19.7/tools/imglab/build/CMakeFiles/CMakeTmp'

Source file was:

#include <omp.h>
int main() {
#ifdef _OPENMP
  return 0;
#else
  breaks_on_purpose
#endif
}

Performing C++ SOURCE FILE Test OpenMP_FLAG_DETECTED succeeded with the following output:
Change Dir: /home/azgra/dlib-19.7/tools/imglab/build/CMakeFiles/CMakeTmp

Run Build Command:"/usr/bin/make" "cmTC_b34cd/fast"
/usr/bin/make -f CMakeFiles/cmTC_b34cd.dir/build.make CMakeFiles/cmTC_b34cd.dir/build
make[1]: Entering directory '/home/azgra/dlib-19.7/tools/imglab/build/CMakeFiles/CMakeTmp'
Building CXX object CMakeFiles/cmTC_b34cd.dir/src.cxx.o
/usr/bin/c++     -Wreturn-type -DOpenMP_FLAG_DETECTED -fopenmp   -o CMakeFiles/cmTC_b34cd.dir/src.cxx.o -c /home/azgra/dlib-19.7/tools/imglab/build/CMakeFiles/CMakeTmp/src.cxx
Linking CXX executable cmTC_b34cd
/usr/bin/cmake -E cmake_link_script CMakeFiles/cmTC_b34cd.dir/link.txt --verbose=1
/usr/bin/c++    -Wreturn-type -DOpenMP_FLAG_DETECTED -fopenmp    CMakeFiles/cmTC_b34cd.dir/src.cxx.o  -o cmTC_b34cd -rdynamic /usr/lib/libatlas.so /usr/lib/libcblas.so 
make[1]: Leaving directory '/home/azgra/dlib-19.7/tools/imglab/build/CMakeFiles/CMakeTmp'

Source file was:

#include <omp.h>
int main() {
#ifdef _OPENMP
  return 0;
#else
  breaks_on_purpose
#endif
}

