Determining if the pthread_create exist failed with the following output:
Change Dir: /home/azgra/dlib-19.7/tools/imglab/build/CMakeFiles/CMakeTmp

Run Build Command:"/usr/bin/make" "cmTC_a215a/fast"
/usr/bin/make -f CMakeFiles/cmTC_a215a.dir/build.make CMakeFiles/cmTC_a215a.dir/build
make[1]: Entering directory '/home/azgra/dlib-19.7/tools/imglab/build/CMakeFiles/CMakeTmp'
Building C object CMakeFiles/cmTC_a215a.dir/CheckSymbolExists.c.o
/usr/bin/cc     -o CMakeFiles/cmTC_a215a.dir/CheckSymbolExists.c.o   -c /home/azgra/dlib-19.7/tools/imglab/build/CMakeFiles/CMakeTmp/CheckSymbolExists.c
Linking C executable cmTC_a215a
/usr/bin/cmake -E cmake_link_script CMakeFiles/cmTC_a215a.dir/link.txt --verbose=1
/usr/bin/cc       CMakeFiles/cmTC_a215a.dir/CheckSymbolExists.c.o  -o cmTC_a215a -rdynamic 
CMakeFiles/cmTC_a215a.dir/CheckSymbolExists.c.o: In function `main':
CheckSymbolExists.c:(.text+0x1b): undefined reference to `pthread_create'
collect2: error: ld returned 1 exit status
CMakeFiles/cmTC_a215a.dir/build.make:97: recipe for target 'cmTC_a215a' failed
make[1]: *** [cmTC_a215a] Error 1
make[1]: Leaving directory '/home/azgra/dlib-19.7/tools/imglab/build/CMakeFiles/CMakeTmp'
Makefile:126: recipe for target 'cmTC_a215a/fast' failed
make: *** [cmTC_a215a/fast] Error 2

File /home/azgra/dlib-19.7/tools/imglab/build/CMakeFiles/CMakeTmp/CheckSymbolExists.c:
/* */
#include <pthread.h>

int main(int argc, char** argv)
{
  (void)argv;
#ifndef pthread_create
  return ((int*)(&pthread_create))[argc];
#else
  (void)argc;
  return 0;
#endif
}

Determining if the function pthread_create exists in the pthreads failed with the following output:
Change Dir: /home/azgra/dlib-19.7/tools/imglab/build/CMakeFiles/CMakeTmp

Run Build Command:"/usr/bin/make" "cmTC_a9c55/fast"
/usr/bin/make -f CMakeFiles/cmTC_a9c55.dir/build.make CMakeFiles/cmTC_a9c55.dir/build
make[1]: Entering directory '/home/azgra/dlib-19.7/tools/imglab/build/CMakeFiles/CMakeTmp'
Building C object CMakeFiles/cmTC_a9c55.dir/CheckFunctionExists.c.o
/usr/bin/cc    -DCHECK_FUNCTION_EXISTS=pthread_create   -o CMakeFiles/cmTC_a9c55.dir/CheckFunctionExists.c.o   -c /usr/share/cmake-3.7/Modules/CheckFunctionExists.c
Linking C executable cmTC_a9c55
/usr/bin/cmake -E cmake_link_script CMakeFiles/cmTC_a9c55.dir/link.txt --verbose=1
/usr/bin/cc   -DCHECK_FUNCTION_EXISTS=pthread_create    CMakeFiles/cmTC_a9c55.dir/CheckFunctionExists.c.o  -o cmTC_a9c55 -rdynamic -lpthreads 
/usr/bin/ld: cannot find -lpthreads
collect2: error: ld returned 1 exit status
CMakeFiles/cmTC_a9c55.dir/build.make:97: recipe for target 'cmTC_a9c55' failed
make[1]: *** [cmTC_a9c55] Error 1
make[1]: Leaving directory '/home/azgra/dlib-19.7/tools/imglab/build/CMakeFiles/CMakeTmp'
Makefile:126: recipe for target 'cmTC_a9c55/fast' failed
make: *** [cmTC_a9c55/fast] Error 2


