Determining if the pthread_create exist failed with the following output:
Change Dir: /home/azgra/dlib-19.7/examples/build/CMakeFiles/CMakeTmp

Run Build Command:"/usr/bin/make" "cmTC_19b05/fast"
/usr/bin/make -f CMakeFiles/cmTC_19b05.dir/build.make CMakeFiles/cmTC_19b05.dir/build
make[1]: Entering directory '/home/azgra/dlib-19.7/examples/build/CMakeFiles/CMakeTmp'
Building C object CMakeFiles/cmTC_19b05.dir/CheckSymbolExists.c.o
/usr/bin/cc     -o CMakeFiles/cmTC_19b05.dir/CheckSymbolExists.c.o   -c /home/azgra/dlib-19.7/examples/build/CMakeFiles/CMakeTmp/CheckSymbolExists.c
Linking C executable cmTC_19b05
/usr/bin/cmake -E cmake_link_script CMakeFiles/cmTC_19b05.dir/link.txt --verbose=1
/usr/bin/cc       CMakeFiles/cmTC_19b05.dir/CheckSymbolExists.c.o  -o cmTC_19b05 -rdynamic 
CMakeFiles/cmTC_19b05.dir/CheckSymbolExists.c.o: In function `main':
CheckSymbolExists.c:(.text+0x1b): undefined reference to `pthread_create'
collect2: error: ld returned 1 exit status
CMakeFiles/cmTC_19b05.dir/build.make:97: recipe for target 'cmTC_19b05' failed
make[1]: *** [cmTC_19b05] Error 1
make[1]: Leaving directory '/home/azgra/dlib-19.7/examples/build/CMakeFiles/CMakeTmp'
Makefile:126: recipe for target 'cmTC_19b05/fast' failed
make: *** [cmTC_19b05/fast] Error 2

File /home/azgra/dlib-19.7/examples/build/CMakeFiles/CMakeTmp/CheckSymbolExists.c:
/* */
#include <pthread.h>

int main(int argc, char** argv)
{
  (void)argv;
#ifndef pthread_create
  return ((int*)(&pthread_create))[argc];
#else
  (void)argc;
  return 0;
#endif
}

Determining if the function pthread_create exists in the pthreads failed with the following output:
Change Dir: /home/azgra/dlib-19.7/examples/build/CMakeFiles/CMakeTmp

Run Build Command:"/usr/bin/make" "cmTC_abf04/fast"
/usr/bin/make -f CMakeFiles/cmTC_abf04.dir/build.make CMakeFiles/cmTC_abf04.dir/build
make[1]: Entering directory '/home/azgra/dlib-19.7/examples/build/CMakeFiles/CMakeTmp'
Building C object CMakeFiles/cmTC_abf04.dir/CheckFunctionExists.c.o
/usr/bin/cc    -DCHECK_FUNCTION_EXISTS=pthread_create   -o CMakeFiles/cmTC_abf04.dir/CheckFunctionExists.c.o   -c /usr/share/cmake-3.7/Modules/CheckFunctionExists.c
Linking C executable cmTC_abf04
/usr/bin/cmake -E cmake_link_script CMakeFiles/cmTC_abf04.dir/link.txt --verbose=1
/usr/bin/cc   -DCHECK_FUNCTION_EXISTS=pthread_create    CMakeFiles/cmTC_abf04.dir/CheckFunctionExists.c.o  -o cmTC_abf04 -rdynamic -lpthreads 
/usr/bin/ld: cannot find -lpthreads
collect2: error: ld returned 1 exit status
CMakeFiles/cmTC_abf04.dir/build.make:97: recipe for target 'cmTC_abf04' failed
make[1]: *** [cmTC_abf04] Error 1
make[1]: Leaving directory '/home/azgra/dlib-19.7/examples/build/CMakeFiles/CMakeTmp'
Makefile:126: recipe for target 'cmTC_abf04/fast' failed
make: *** [cmTC_abf04/fast] Error 2


